# DistrPoint:Pointing with distractors
# MT:Movement time
# HIT:Success
# inPractice:practice block
# A:Target Amplitude
# W:Target Width
# D:Distractor Density
# HitDistractor:Press on a distractor
# HitBG:Press on background
# Mouse.x:
# Mouse.y:
# Mouse.Left:
# Date: 2013-03-22-11-33-24
# Participant: S0
block	trial	MT	HIT	inPractice	A	W	D	HitDistractor	HitBG	Mouse.x	Mouse.y	Mouse.Left	
Integer	String	String	Integer	Integer	String	Integer	Integer	Integer	Integer	Integer	
1	1	449	null	true	400	20	low	0	0	839.0	510.0	0.0
1	1	457	null	true	400	20	low	0	0	841.0	509.0	0.0
1	1	465	null	true	400	20	low	0	0	849.0	507.0	0.0
1	1	473	null	true	400	20	low	0	0	853.0	506.0	0.0
1	1	481	null	true	400	20	low	0	0	862.0	504.0	0.0
1	1	489	null	true	400	20	low	0	0	870.0	502.0	0.0
1	1	497	null	true	400	20	low	0	0	877.0	502.0	0.0
1	1	505	null	true	400	20	low	0	0	883.0	502.0	0.0
1	1	513	null	true	400	20	low	0	0	891.0	502.0	0.0
1	1	521	null	true	400	20	low	0	0	901.0	502.0	0.0
1	1	529	null	true	400	20	low	0	0	910.0	502.0	0.0
1	1	537	null	true	400	20	low	0	0	915.0	502.0	0.0
1	1	545	null	true	400	20	low	0	0	919.0	502.0	0.0
1	1	552	null	true	400	20	low	0	0	923.0	502.0	0.0
1	1	633	null	true	400	20	low	0	0	926.0	503.0	0.0
1	1	641	null	true	400	20	low	0	0	928.0	505.0	0.0
1	1	649	null	true	400	20	low	0	0	933.0	509.0	0.0
1	1	657	null	true	400	20	low	0	0	941.0	514.0	0.0
1	1	665	null	true	400	20	low	0	0	956.0	515.0	0.0
1	1	673	null	true	400	20	low	0	0	975.0	520.0	0.0
1	1	681	null	true	400	20	low	0	0	994.0	522.0	0.0
1	1	689	null	true	400	20	low	0	0	1003.0	524.0	0.0
1	1	697	null	true	400	20	low	0	0	1018.0	529.0	0.0
1	1	705	null	true	400	20	low	0	0	1033.0	534.0	0.0
1	1	713	null	true	400	20	low	0	0	1044.0	534.0	0.0
1	1	721	null	true	400	20	low	0	0	1049.0	534.0	0.0
1	1	729	null	true	400	20	low	0	0	1053.0	534.0	0.0
1	1	737	null	true	400	20	low	0	0	1055.0	534.0	0.0
1	1	833	null	true	400	20	low	0	0	1056.0	535.0	0.0
1	1	841	null	true	400	20	low	0	0	1056.0	537.0	0.0
1	1	849	null	true	400	20	low	0	0	1056.0	539.0	0.0
1	1	865	null	true	400	20	low	0	0	1056.0	541.0	0.0
1	1	881	null	true	400	20	low	0	0	1057.0	542.0	0.0
1	1	969	null	true	400	20	low	0	0	1055.0	542.0	0.0
1	1	977	null	true	400	20	low	0	0	1054.0	541.0	0.0
1	1	985	null	true	400	20	low	0	0	1054.0	539.0	0.0
1	1	993	null	true	400	20	low	0	0	1051.0	536.0	0.0
1	1	1001	null	true	400	20	low	0	0	1047.0	532.0	0.0
1	1	1009	null	true	400	20	low	0	0	1045.0	531.0	0.0
1	1	1017	null	true	400	20	low	0	0	1044.0	530.0	0.0
1	1	1025	null	true	400	20	low	0	0	1043.0	529.0	0.0
1	1	1033	null	true	400	20	low	0	0	1042.0	528.0	0.0
1	2	0	null	true	400	20	low	0	0	1042.0	528.0	1.0
1	2	103	null	true	400	20	low	0	0	1042.0	528.0	0.0
1	2	223	null	true	400	20	low	0	0	1041.0	527.0	0.0
1	2	231	null	true	400	20	low	0	0	1037.0	527.0	0.0
1	2	239	null	true	400	20	low	0	0	1028.0	527.0	0.0
1	2	247	null	true	400	20	low	0	0	995.0	524.0	0.0
1	2	255	null	true	400	20	low	0	0	952.0	519.0	0.0
1	2	263	null	true	400	20	low	0	0	909.0	512.0	0.0
1	2	271	null	true	400	20	low	0	0	884.0	505.0	0.0
1	2	279	null	true	400	20	low	0	0	843.0	494.0	0.0
1	2	287	null	true	400	20	low	0	0	804.0	479.0	0.0
1	2	295	null	true	400	20	low	0	0	775.0	466.0	0.0
1	2	303	null	true	400	20	low	0	0	760.0	457.0	0.0
1	2	311	null	true	400	20	low	0	0	741.0	448.0	0.0
1	2	319	null	true	400	20	low	0	0	734.0	443.0	0.0
1	2	326	null	true	400	20	low	0	0	734.0	438.0	0.0
1	2	335	null	true	400	20	low	0	0	735.0	437.0	0.0
1	2	343	null	true	400	20	low	0	0	739.0	435.0	0.0
1	2	351	null	true	400	20	low	0	0	745.0	432.0	0.0
1	2	359	null	true	400	20	low	0	0	752.0	429.0	0.0
1	2	367	null	true	400	20	low	0	0	754.0	427.0	0.0
1	2	375	null	true	400	20	low	0	0	755.0	426.0	0.0
1	2	383	null	true	400	20	low	0	0	756.0	425.0	0.0
1	2	407	null	true	400	20	low	0	0	756.0	423.0	0.0
1	2	415	null	true	400	20	low	0	0	755.0	421.0	0.0
1	2	423	null	true	400	20	low	0	0	753.0	419.0	0.0
1	2	431	null	true	400	20	low	0	0	752.0	417.0	0.0
1	2	439	null	true	400	20	low	0	0	751.0	416.0	0.0
1	2	447	null	true	400	20	low	0	0	749.0	415.0	0.0
1	2	455	null	true	400	20	low	0	0	748.0	413.0	0.0
1	2	463	null	true	400	20	low	0	0	748.0	411.0	0.0
1	2	471	null	true	400	20	low	0	0	747.0	410.0	0.0
1	2	479	null	true	400	20	low	0	0	745.0	409.0	0.0
1	2	487	null	true	400	20	low	0	0	744.0	407.0	0.0
1	2	495	null	true	400	20	low	0	0	742.0	405.0	0.0
1	2	503	null	true	400	20	low	0	0	741.0	403.0	0.0
1	2	511	null	true	400	20	low	0	0	737.0	397.0	0.0
1	2	519	null	true	400	20	low	0	0	728.0	390.0	0.0
1	2	527	null	true	400	20	low	0	0	720.0	384.0	0.0
1	2	535	null	true	400	20	low	0	0	716.0	384.0	0.0
1	2	543	null	true	400	20	low	0	0	712.0	382.0	0.0
1	2	551	null	true	400	20	low	0	0	709.0	380.0	0.0
1	2	567	null	true	400	20	low	0	0	708.0	379.0	0.0
1	2	599	null	true	400	20	low	0	0	706.0	379.0	0.0
1	2	719	null	true	400	20	low	0	0	704.0	379.0	0.0
1	2	727	null	true	400	20	low	0	0	703.0	380.0	0.0
1	2	735	null	true	400	20	low	0	0	702.0	381.0	0.0
1	2	743	null	true	400	20	low	0	0	701.0	382.0	0.0
1	2	751	null	true	400	20	low	0	0	700.0	383.0	0.0
1	2	759	null	true	400	20	low	0	0	698.0	384.0	0.0
1	2	783	null	true	400	20	low	0	0	696.0	385.0	0.0
1	3	0	null	true	400	20	low	0	0	696.0	385.0	1.0
1	3	79	null	true	400	20	low	0	0	696.0	385.0	0.0
1	3	143	null	true	400	20	low	0	0	699.0	385.0	0.0
1	3	151	null	true	400	20	low	0	0	702.0	386.0	0.0
1	3	159	null	true	400	20	low	0	0	711.0	392.0	0.0
1	3	167	null	true	400	20	low	0	0	719.0	396.0	0.0
1	3	175	null	true	400	20	low	0	0	731.0	405.0	0.0
1	3	183	null	true	400	20	low	0	0	744.0	420.0	0.0
1	3	191	null	true	400	20	low	0	0	763.0	437.0	0.0
1	3	199	null	true	400	20	low	0	0	778.0	452.0	0.0
1	3	207	null	true	400	20	low	0	0	803.0	477.0	0.0
1	3	215	null	true	400	20	low	0	0	830.0	504.0	0.0
1	3	223	null	true	400	20	low	0	0	857.0	531.0	0.0
1	3	231	null	true	400	20	low	0	0	868.0	542.0	0.0
1	3	239	null	true	400	20	low	0	0	885.0	563.0	0.0
1	3	247	null	true	400	20	low	0	0	898.0	576.0	0.0
1	3	255	null	true	400	20	low	0	0	905.0	583.0	0.0
1	3	263	null	true	400	20	low	0	0	912.0	590.0	0.0
1	3	271	null	true	400	20	low	0	0	914.0	591.0	0.0
1	3	287	null	true	400	20	low	0	0	915.0	592.0	0.0
1	3	295	null	true	400	20	low	0	0	915.0	594.0	0.0
1	3	303	null	true	400	20	low	0	0	915.0	596.0	0.0
1	3	311	null	true	400	20	low	0	0	915.0	598.0	0.0
1	3	319	null	true	400	20	low	0	0	915.0	602.0	0.0
1	3	327	null	true	400	20	low	0	0	915.0	604.0	0.0
1	3	335	null	true	400	20	low	0	0	915.0	610.0	0.0
1	3	343	null	true	400	20	low	0	0	915.0	620.0	0.0
1	3	351	null	true	400	20	low	0	0	915.0	627.0	0.0
1	3	359	null	true	400	20	low	0	0	916.0	628.0	0.0
1	3	367	null	true	400	20	low	0	0	917.0	629.0	0.0
1	3	375	null	true	400	20	low	0	0	918.0	632.0	0.0
1	3	383	null	true	400	20	low	0	0	919.0	635.0	0.0
1	3	391	null	true	400	20	low	0	0	920.0	639.0	0.0
1	3	399	null	true	400	20	low	0	0	921.0	641.0	0.0
1	3	407	null	true	400	20	low	0	0	924.0	644.0	0.0
1	3	415	null	true	400	20	low	0	0	926.0	647.0	0.0
1	3	423	null	true	400	20	low	0	0	927.0	649.0	0.0
1	3	431	null	true	400	20	low	0	0	928.0	650.0	0.0
1	3	439	null	true	400	20	low	0	0	929.0	651.0	0.0
1	3	455	null	true	400	20	low	0	0	930.0	652.0	0.0
1	3	463	null	true	400	20	low	0	0	932.0	653.0	0.0
1	3	471	null	true	400	20	low	0	0	934.0	654.0	0.0
1	3	479	null	true	400	20	low	0	0	936.0	655.0	0.0
1	3	487	null	true	400	20	low	0	0	940.0	659.0	0.0
1	3	495	null	true	400	20	low	0	0	942.0	661.0	0.0
1	3	503	null	true	400	20	low	0	0	950.0	666.0	0.0
1	3	511	null	true	400	20	low	0	0	960.0	672.0	0.0
1	3	519	null	true	400	20	low	0	0	970.0	679.0	0.0
1	3	527	null	true	400	20	low	0	0	974.0	680.0	0.0
1	3	535	null	true	400	20	low	0	0	979.0	680.0	0.0
1	3	543	null	true	400	20	low	0	0	984.0	680.0	0.0
1	3	551	null	true	400	20	low	0	0	986.0	680.0	0.0
1	3	559	null	true	400	20	low	0	0	988.0	680.0	0.0
1	3	591	null	true	400	20	low	0	0	989.0	679.0	0.0
1	3	607	null	true	400	20	low	0	0	990.0	678.0	0.0
1	3	615	null	true	400	20	low	0	0	991.0	677.0	0.0
1	3	623	null	true	400	20	low	0	0	991.0	675.0	0.0
1	3	631	null	true	400	20	low	0	0	991.0	673.0	0.0
1	3	647	null	true	400	20	low	0	0	991.0	671.0	0.0
1	3	655	null	true	400	20	low	0	0	992.0	670.0	0.0
1	3	663	null	true	400	20	low	0	0	993.0	669.0	0.0
1	3	735	null	true	400	20	low	0	0	993.0	667.0	0.0
1	3	759	null	true	400	20	low	0	0	993.0	665.0	0.0
1	3	775	null	true	400	20	low	0	0	992.0	664.0	0.0
1	3	847	null	true	400	20	low	0	0	990.0	664.0	0.0
1	3	959	null	true	400	20	low	0	0	988.0	664.0	0.0
1	4	0	null	true	400	20	low	0	0	988.0	664.0	1.0
1	4	111	null	true	400	20	low	0	0	988.0	664.0	0.0
1	4	175	null	true	400	20	low	0	0	987.0	663.0	0.0
1	4	183	null	true	400	20	low	0	0	985.0	660.0	0.0
1	4	191	null	true	400	20	low	0	0	981.0	657.0	0.0
1	4	199	null	true	400	20	low	0	0	965.0	641.0	0.0
1	4	207	null	true	400	20	low	0	0	940.0	614.0	0.0
1	4	215	null	true	400	20	low	0	0	915.0	591.0	0.0
1	4	223	null	true	400	20	low	0	0	900.0	576.0	0.0
1	4	231	null	true	400	20	low	0	0	875.0	551.0	0.0
1	4	239	null	true	400	20	low	0	0	848.0	524.0	0.0
1	4	247	null	true	400	20	low	0	0	823.0	497.0	0.0
1	4	255	null	true	400	20	low	0	0	812.0	482.0	0.0
1	4	263	null	true	400	20	low	0	0	797.0	455.0	0.0
1	4	271	null	true	400	20	low	0	0	786.0	428.0	0.0
1	4	279	null	true	400	20	low	0	0	779.0	397.0	0.0
1	4	287	null	true	400	20	low	0	0	779.0	382.0	0.0
1	4	295	null	true	400	20	low	0	0	784.0	359.0	0.0
1	4	303	null	true	400	20	low	0	0	795.0	346.0	0.0
1	4	311	null	true	400	20	low	0	0	808.0	335.0	0.0
1	4	319	null	true	400	20	low	0	0	815.0	330.0	0.0
1	4	327	null	true	400	20	low	0	0	824.0	323.0	0.0
1	4	335	null	true	400	20	low	0	0	833.0	318.0	0.0
1	4	343	null	true	400	20	low	0	0	838.0	311.0	0.0
1	4	351	null	true	400	20	low	0	0	840.0	306.0	0.0
1	4	359	null	true	400	20	low	0	0	842.0	300.0	0.0
1	4	367	null	true	400	20	low	0	0	842.0	296.0	0.0
1	4	375	null	true	400	20	low	0	0	842.0	292.0	0.0
1	4	383	null	true	400	20	low	0	0	842.0	289.0	0.0
1	4	391	null	true	400	20	low	0	0	842.0	285.0	0.0
1	4	399	null	true	400	20	low	0	0	841.0	283.0	0.0
1	4	407	null	true	400	20	low	0	0	840.0	277.0	0.0
1	4	415	null	true	400	20	low	0	0	838.0	268.0	0.0
1	4	423	null	true	400	20	low	0	0	836.0	261.0	0.0
1	4	431	null	true	400	20	low	0	0	835.0	259.0	0.0
1	4	503	null	true	400	20	low	0	0	834.0	260.0	0.0
1	4	511	null	true	400	20	low	0	0	834.0	262.0	0.0
1	4	519	null	true	400	20	low	0	0	835.0	264.0	0.0
1	4	527	null	true	400	20	low	0	0	837.0	268.0	0.0
1	4	535	null	true	400	20	low	0	0	838.0	270.0	0.0
1	4	543	null	true	400	20	low	0	0	839.0	274.0	0.0
1	4	550	null	true	400	20	low	0	0	840.0	276.0	0.0
1	4	559	null	true	400	20	low	0	0	840.0	280.0	0.0
1	4	567	null	true	400	20	low	0	0	840.0	282.0	0.0
1	4	575	null	true	400	20	low	0	0	839.0	286.0	0.0
1	4	583	null	true	400	20	low	0	0	838.0	288.0	0.0
1	4	591	null	true	400	20	low	0	0	837.0	290.0	0.0
1	4	599	null	true	400	20	low	0	0	836.0	292.0	0.0
1	4	607	null	true	400	20	low	0	0	836.0	294.0	0.0
1	4	615	null	true	400	20	low	0	0	834.0	296.0	0.0
1	4	623	null	true	400	20	low	0	0	831.0	301.0	0.0
1	4	631	null	true	400	20	low	0	0	831.0	305.0	0.0
1	4	639	null	true	400	20	low	0	0	831.0	309.0	0.0
1	4	647	null	true	400	20	low	0	0	831.0	313.0	0.0
1	4	655	null	true	400	20	low	0	0	831.0	315.0	0.0
1	4	663	null	true	400	20	low	0	0	831.0	317.0	0.0
1	4	671	null	true	400	20	low	0	0	831.0	319.0	0.0
1	4	679	null	true	400	20	low	0	0	831.0	321.0	0.0
1	4	839	null	true	400	20	low	0	0	831.0	323.0	0.0
1	4	895	null	true	400	20	low	0	0	831.0	325.0	0.0
1	5	0	null	true	400	20	low	0	0	831.0	325.0	1.0
1	5	71	null	true	400	20	low	0	0	831.0	325.0	0.0
1	5	191	null	true	400	20	low	0	0	832.0	326.0	0.0
1	5	199	null	true	400	20	low	0	0	833.0	327.0	0.0
1	5	207	null	true	400	20	low	0	0	833.0	330.0	0.0
1	5	215	null	true	400	20	low	0	0	836.0	335.0	0.0
1	5	223	null	true	400	20	low	0	0	839.0	342.0	0.0
1	5	231	null	true	400	20	low	0	0	843.0	352.0	0.0
1	5	239	null	true	400	20	low	0	0	848.0	368.0	0.0
1	5	247	null	true	400	20	low	0	0	857.0	397.0	0.0
1	5	255	null	true	400	20	low	0	0	859.0	414.0	0.0
1	5	263	null	true	400	20	low	0	0	864.0	453.0	0.0
1	5	271	null	true	400	20	low	0	0	864.0	494.0	0.0
1	5	279	null	true	400	20	low	0	0	864.0	531.0	0.0
1	5	287	null	true	400	20	low	0	0	864.0	552.0	0.0
1	5	295	null	true	400	20	low	0	0	861.0	583.0	0.0
1	5	303	null	true	400	20	low	0	0	859.0	608.0	0.0
1	5	311	null	true	400	20	low	0	0	857.0	621.0	0.0
1	5	319	null	true	400	20	low	0	0	857.0	626.0	0.0
1	5	431	null	true	400	20	low	0	0	857.0	629.0	0.0
1	5	439	null	true	400	20	low	0	0	856.0	630.0	0.0
1	5	447	null	true	400	20	low	0	0	855.0	631.0	0.0
1	5	455	null	true	400	20	low	0	0	854.0	632.0	0.0
1	5	463	null	true	400	20	low	0	0	853.0	633.0	0.0
1	5	479	null	true	400	20	low	0	0	853.0	635.0	0.0
1	5	503	null	true	400	20	low	0	0	852.0	637.0	0.0
1	5	511	null	true	400	20	low	0	0	851.0	639.0	0.0
1	5	519	null	true	400	20	low	0	0	851.0	643.0	0.0
1	5	527	null	true	400	20	low	0	0	851.0	647.0	0.0
1	5	535	null	true	400	20	low	0	0	851.0	653.0	0.0
1	5	543	null	true	400	20	low	0	0	850.0	656.0	0.0
1	5	551	null	true	400	20	low	0	0	848.0	662.0	0.0
1	5	559	null	true	400	20	low	0	0	846.0	668.0	0.0
1	5	567	null	true	400	20	low	0	0	845.0	671.0	0.0
1	5	575	null	true	400	20	low	0	0	844.0	673.0	0.0
1	5	583	null	true	400	20	low	0	0	844.0	675.0	0.0
1	5	599	null	true	400	20	low	0	0	844.0	677.0	0.0
1	5	607	null	true	400	20	low	0	0	844.0	679.0	0.0
1	5	615	null	true	400	20	low	0	0	844.0	681.0	0.0
1	5	623	null	true	400	20	low	0	0	844.0	683.0	0.0
1	5	630	null	true	400	20	low	0	0	844.0	685.0	0.0
1	5	639	null	true	400	20	low	0	0	844.0	687.0	0.0
1	5	647	null	true	400	20	low	0	0	844.0	689.0	0.0
1	5	663	null	true	400	20	low	0	0	844.0	691.0	0.0
1	5	703	null	true	400	20	low	0	0	844.0	693.0	0.0
1	5	711	null	true	400	20	low	0	0	843.0	694.0	0.0
1	5	719	null	true	400	20	low	0	0	842.0	695.0	0.0
1	5	727	null	true	400	20	low	0	0	841.0	697.0	0.0
1	5	735	null	true	400	20	low	0	0	840.0	699.0	0.0
1	5	759	null	true	400	20	low	0	0	840.0	701.0	0.0
1	5	783	null	true	400	20	low	0	0	840.0	703.0	0.0
1	5	791	null	true	400	20	low	0	0	840.0	705.0	0.0
1	5	799	null	true	400	20	low	0	0	840.0	707.0	0.0
1	5	807	null	true	400	20	low	0	0	840.0	709.0	0.0
1	5	815	null	true	400	20	low	0	0	840.0	711.0	0.0
1	5	823	null	true	400	20	low	0	0	840.0	713.0	0.0
1	5	831	null	true	400	20	low	0	0	840.0	715.0	0.0
1	5	839	null	true	400	20	low	0	0	840.0	717.0	0.0
1	5	847	null	true	400	20	low	0	0	839.0	718.0	0.0
1	5	855	null	true	400	20	low	0	0	838.0	719.0	0.0
1	5	871	null	true	400	20	low	0	0	838.0	721.0	0.0
1	5	911	null	true	400	20	low	0	0	838.0	723.0	0.0
1	6	0	null	true	400	20	low	0	0	838.0	723.0	1.0
1	6	79	null	true	400	20	low	0	0	838.0	723.0	0.0
1	6	95	null	true	400	20	low	0	0	839.0	722.0	0.0
1	6	103	null	true	400	20	low	0	0	841.0	719.0	0.0
1	6	111	null	true	400	20	low	0	0	842.0	716.0	0.0
1	6	119	null	true	400	20	low	0	0	848.0	706.0	0.0
1	6	127	null	true	400	20	low	0	0	856.0	694.0	0.0
1	6	135	null	true	400	20	low	0	0	861.0	687.0	0.0
1	6	143	null	true	400	20	low	0	0	872.0	668.0	0.0
1	6	151	null	true	400	20	low	0	0	883.0	649.0	0.0
1	6	159	null	true	400	20	low	0	0	896.0	624.0	0.0
1	6	167	null	true	400	20	low	0	0	909.0	599.0	0.0
1	6	175	null	true	400	20	low	0	0	914.0	582.0	0.0
1	6	183	null	true	400	20	low	0	0	921.0	557.0	0.0
1	6	191	null	true	400	20	low	0	0	928.0	530.0	0.0
1	6	199	null	true	400	20	low	0	0	930.0	505.0	0.0
1	6	207	null	true	400	20	low	0	0	932.0	488.0	0.0
1	6	215	null	true	400	20	low	0	0	932.0	459.0	0.0
1	6	223	null	true	400	20	low	0	0	934.0	434.0	0.0
1	6	231	null	true	400	20	low	0	0	936.0	415.0	0.0
1	6	239	null	true	400	20	low	0	0	936.0	408.0	0.0
1	6	247	null	true	400	20	low	0	0	938.0	404.0	0.0
1	6	263	null	true	400	20	low	0	0	939.0	403.0	0.0
1	6	271	null	true	400	20	low	0	0	940.0	402.0	0.0
1	6	279	null	true	400	20	low	0	0	941.0	401.0	0.0
1	6	295	null	true	400	20	low	0	0	943.0	400.0	0.0
1	6	311	null	true	400	20	low	0	0	945.0	398.0	0.0
1	6	327	null	true	400	20	low	0	0	947.0	397.0	0.0
1	6	383	null	true	400	20	low	0	0	949.0	397.0	0.0
1	6	391	null	true	400	20	low	0	0	950.0	398.0	0.0
1	6	399	null	true	400	20	low	0	0	951.0	399.0	0.0
1	6	407	null	true	400	20	low	0	0	953.0	399.0	0.0
1	6	415	null	true	400	20	low	0	0	957.0	399.0	0.0
1	6	423	null	true	400	20	low	0	0	959.0	399.0	0.0
1	6	431	null	true	400	20	low	0	0	961.0	399.0	0.0
1	6	439	null	true	400	20	low	0	0	963.0	399.0	0.0
1	6	447	null	true	400	20	low	0	0	965.0	399.0	0.0
1	6	455	null	true	400	20	low	0	0	967.0	399.0	0.0
1	6	463	null	true	400	20	low	0	0	969.0	399.0	0.0
1	6	471	null	true	400	20	low	0	0	971.0	399.0	0.0
1	6	479	null	true	400	20	low	0	0	973.0	399.0	0.0
1	6	487	null	true	400	20	low	0	0	977.0	398.0	0.0
1	6	495	null	true	400	20	low	0	0	979.0	397.0	0.0
1	6	503	null	true	400	20	low	0	0	981.0	397.0	0.0
1	6	551	null	true	400	20	low	0	0	982.0	397.0	0.0
1	6	559	null	true	400	20	low	0	0	983.0	396.0	0.0
1	6	575	null	true	400	20	low	0	0	985.0	395.0	0.0
1	6	583	null	true	400	20	low	0	0	986.0	394.0	0.0
1	6	607	null	true	400	20	low	0	0	986.0	392.0	0.0
1	6	687	null	true	400	20	low	0	0	986.0	390.0	0.0
1	6	695	null	true	400	20	low	0	0	986.0	388.0	0.0
1	6	711	null	true	400	20	low	0	0	986.0	386.0	0.0
1	7	0	null	true	400	20	low	0	0	986.0	386.0	1.0
1	7	119	null	true	400	20	low	0	0	986.0	386.0	0.0
1	7	159	null	true	400	20	low	0	0	985.0	388.0	0.0
1	7	167	null	true	400	20	low	0	0	984.0	390.0	0.0
1	7	175	null	true	400	20	low	0	0	983.0	391.0	0.0
1	7	183	null	true	400	20	low	0	0	978.0	395.0	0.0
1	7	191	null	true	400	20	low	0	0	973.0	396.0	0.0
1	7	199	null	true	400	20	low	0	0	964.0	404.0	0.0
1	7	207	null	true	400	20	low	0	0	952.0	418.0	0.0
1	7	215	null	true	400	20	low	0	0	937.0	435.0	0.0
1	7	223	null	true	400	20	low	0	0	926.0	444.0	0.0
1	7	231	null	true	400	20	low	0	0	907.0	457.0	0.0
1	7	239	null	true	400	20	low	0	0	888.0	470.0	0.0
1	7	247	null	true	400	20	low	0	0	873.0	487.0	0.0
1	7	255	null	true	400	20	low	0	0	866.0	496.0	0.0
1	7	263	null	true	400	20	low	0	0	857.0	509.0	0.0
1	7	271	null	true	400	20	low	0	0	850.0	522.0	0.0
1	7	279	null	true	400	20	low	0	0	845.0	531.0	0.0
1	7	287	null	true	400	20	low	0	0	845.0	536.0	0.0
1	7	295	null	true	400	20	low	0	0	842.0	546.0	0.0
1	7	303	null	true	400	20	low	0	0	840.0	558.0	0.0
1	7	311	null	true	400	20	low	0	0	831.0	575.0	0.0
1	7	319	null	true	400	20	low	0	0	824.0	588.0	0.0
1	7	327	null	true	400	20	low	0	0	809.0	611.0	0.0
1	7	335	null	true	400	20	low	0	0	788.0	638.0	0.0
1	7	343	null	true	400	20	low	0	0	771.0	665.0	0.0
1	7	351	null	true	400	20	low	0	0	756.0	690.0	0.0
1	7	359	null	true	400	20	low	0	0	747.0	703.0	0.0
1	7	367	null	true	400	20	low	0	0	738.0	722.0	0.0
1	7	375	null	true	400	20	low	0	0	729.0	731.0	0.0
1	7	383	null	true	400	20	low	0	0	722.0	733.0	0.0
1	7	415	null	true	400	20	low	0	0	720.0	735.0	0.0
1	7	431	null	true	400	20	low	0	0	720.0	733.0	0.0
1	7	439	null	true	400	20	low	0	0	721.0	731.0	0.0
1	7	447	null	true	400	20	low	0	0	722.0	729.0	0.0
1	7	455	null	true	400	20	low	0	0	723.0	724.0	0.0
1	7	463	null	true	400	20	low	0	0	724.0	721.0	0.0
1	7	471	null	true	400	20	low	0	0	726.0	711.0	0.0
1	7	479	null	true	400	20	low	0	0	727.0	700.0	0.0
1	7	487	null	true	400	20	low	0	0	727.0	688.0	0.0
1	7	495	null	true	400	20	low	0	0	729.0	682.0	0.0
1	7	503	null	true	400	20	low	0	0	731.0	676.0	0.0
1	7	511	null	true	400	20	low	0	0	731.0	672.0	0.0
1	7	519	null	true	400	20	low	0	0	732.0	670.0	0.0
1	7	527	null	true	400	20	low	0	0	734.0	669.0	0.0
1	7	543	null	true	400	20	low	0	0	736.0	669.0	0.0
1	7	551	null	true	400	20	low	0	0	737.0	668.0	0.0
1	7	559	null	true	400	20	low	0	0	738.0	667.0	0.0
1	7	567	null	true	400	20	low	0	0	739.0	666.0	0.0
1	7	575	null	true	400	20	low	0	0	739.0	664.0	0.0
1	7	583	null	true	400	20	low	0	0	739.0	662.0	0.0
1	7	591	null	true	400	20	low	0	0	738.0	660.0	0.0
1	7	599	null	true	400	20	low	0	0	736.0	657.0	0.0
1	7	607	null	true	400	20	low	0	0	735.0	656.0	0.0
1	7	615	null	true	400	20	low	0	0	734.0	655.0	0.0
1	7	623	null	true	400	20	low	0	0	733.0	654.0	0.0
1	7	631	null	true	400	20	low	0	0	732.0	653.0	0.0
1	7	639	null	true	400	20	low	0	0	730.0	653.0	0.0
1	7	647	null	true	400	20	low	0	0	728.0	653.0	0.0
1	7	655	null	true	400	20	low	0	0	726.0	653.0	0.0
1	7	663	null	true	400	20	low	0	0	724.0	653.0	0.0
1	7	671	null	true	400	20	low	0	0	720.0	653.0	0.0
1	7	679	null	true	400	20	low	0	0	716.0	653.0	0.0
1	7	687	null	true	400	20	low	0	0	713.0	654.0	0.0
1	7	695	null	true	400	20	low	0	0	712.0	655.0	0.0
1	7	702	null	true	400	20	low	0	0	710.0	656.0	0.0
1	7	711	null	true	400	20	low	0	0	708.0	657.0	0.0
1	7	719	null	true	400	20	low	0	0	704.0	659.0	0.0
1	7	727	null	true	400	20	low	0	0	702.0	660.0	0.0
1	7	735	null	true	400	20	low	0	0	698.0	661.0	0.0
1	7	743	null	true	400	20	low	0	0	696.0	662.0	0.0
1	7	751	null	true	400	20	low	0	0	694.0	663.0	0.0
1	7	759	null	true	400	20	low	0	0	692.0	663.0	0.0
1	8	0	null	true	400	20	low	0	0	692.0	663.0	1.0
1	8	98	null	true	400	20	low	0	0	692.0	663.0	0.0
1	8	106	null	true	400	20	low	0	0	693.0	663.0	0.0
1	8	114	null	true	400	20	low	0	0	696.0	663.0	0.0
1	8	122	null	true	400	20	low	0	0	710.0	662.0	0.0
1	8	130	null	true	400	20	low	0	0	733.0	655.0	0.0
1	8	138	null	true	400	20	low	0	0	748.0	650.0	0.0
1	8	146	null	true	400	20	low	0	0	773.0	645.0	0.0
1	8	154	null	true	400	20	low	0	0	800.0	636.0	0.0
1	8	162	null	true	400	20	low	0	0	827.0	627.0	0.0
1	8	170	null	true	400	20	low	0	0	842.0	620.0	0.0
1	8	178	null	true	400	20	low	0	0	867.0	607.0	0.0
1	8	186	null	true	400	20	low	0	0	894.0	594.0	0.0
1	8	194	null	true	400	20	low	0	0	921.0	579.0	0.0
1	8	202	null	true	400	20	low	0	0	934.0	568.0	0.0
1	8	210	null	true	400	20	low	0	0	951.0	547.0	0.0
1	8	218	null	true	400	20	low	0	0	966.0	526.0	0.0
1	8	226	null	true	400	20	low	0	0	979.0	511.0	0.0
1	8	234	null	true	400	20	low	0	0	984.0	504.0	0.0
1	8	242	null	true	400	20	low	0	0	989.0	499.0	0.0
1	8	250	null	true	400	20	low	0	0	993.0	495.0	0.0
1	8	258	null	true	400	20	low	0	0	994.0	493.0	0.0
1	8	298	null	true	400	20	low	0	0	996.0	493.0	0.0
1	8	314	null	true	400	20	low	0	0	998.0	493.0	0.0
1	8	322	null	true	400	20	low	0	0	999.0	494.0	0.0
1	8	330	null	true	400	20	low	0	0	1000.0	495.0	0.0
1	8	338	null	true	400	20	low	0	0	1002.0	496.0	0.0
1	8	346	null	true	400	20	low	0	0	1004.0	498.0	0.0
1	8	354	null	true	400	20	low	0	0	1008.0	500.0	0.0
1	8	362	null	true	400	20	low	0	0	1009.0	502.0	0.0
1	8	370	null	true	400	20	low	0	0	1010.0	503.0	0.0
1	8	378	null	true	400	20	low	0	0	1012.0	503.0	0.0
1	8	386	null	true	400	20	low	0	0	1013.0	504.0	0.0
1	8	394	null	true	400	20	low	0	0	1014.0	505.0	0.0
1	8	410	null	true	400	20	low	0	0	1015.0	506.0	0.0
1	8	418	null	true	400	20	low	0	0	1016.0	507.0	0.0
1	8	426	null	true	400	20	low	0	0	1017.0	508.0	0.0
1	8	434	null	true	400	20	low	0	0	1018.0	510.0	0.0
1	8	442	null	true	400	20	low	0	0	1022.0	514.0	0.0
1	8	450	null	true	400	20	low	0	0	1025.0	517.0	0.0
1	8	466	null	true	400	20	low	0	0	1027.0	519.0	0.0
1	8	474	null	true	400	20	low	0	0	1029.0	520.0	0.0
1	8	482	null	true	400	20	low	0	0	1030.0	521.0	0.0
1	8	498	null	true	400	20	low	0	0	1031.0	522.0	0.0
1	8	506	null	true	400	20	low	0	0	1032.0	523.0	0.0
1	8	530	null	true	400	20	low	0	0	1033.0	524.0	0.0
1	8	538	null	true	400	20	low	0	0	1034.0	525.0	0.0
1	8	546	null	true	400	20	low	0	0	1035.0	526.0	0.0
1	8	618	null	true	400	20	low	0	0	1036.0	527.0	0.0
1	8	626	null	true	400	20	low	0	0	1037.0	528.0	0.0
1	8	634	null	true	400	20	low	0	0	1039.0	528.0	0.0
1	8	642	null	true	400	20	low	0	0	1040.0	529.0	0.0
1	8	650	null	true	400	20	low	0	0	1041.0	531.0	0.0
